(0000) 3000  0011000000000000 (   1)                 .ORIG x3000
(3000) E07A  1110000001111010 (   2)                 LEA   R0 Msg2
(3001) F022  1111000000100010 (   3)                 TRAP  x22
(3002) E0A5  1110000010100101 (   5) BEGIN           LEA   R0 Msg1
(3003) F022  1111000000100010 (   6)                 TRAP  x22
(3004) F020  1111000000100000 (   7)                 TRAP  x20
(3005) F021  1111000000100001 (   8)                 TRAP  x21
(3006) 5FE0  0101111111100000 (   9)                 AND   R7 R7 #0
(3007) 1FC0  0001111111000000 (  10)                 ADD   R7 R7 R0
(3008) 5DA0  0101110110100000 (  12)                 AND   R6 R6 #0
(3009) 1DA6  0001110110100110 (  13)                 ADD   R6 R6 #6
(300A) 5260  0101001001100000 (  14)                 AND   R1 R1 #0
(300B) 1247  0001001001000111 (  15)                 ADD   R1 R1 R7
(300C) 5FE0  0101111111100000 (  16)                 AND   R7 R7 #0
(300D) 1276  0001001001110110 (  17) GetIn           ADD   R1 R1 #-10
(300E) 1DBF  0001110110111111 (  18)                 ADD   R6 R6 #-1
(300F) 03FD  0000001111111101 (  19)                 BRP   GetIn
(3010) 1278  0001001001111000 (  20)                 ADD   R1 R1 #-8
(3011) 0409  0000010000001001 (  21)                 BRZ   Dec
(3012) 127F  0001001001111111 (  22)                 ADD   R1 R1 #-1
(3013) 0403  0000010000000011 (  23)                 BRZ   Enc
(3014) 1276  0001001001110110 (  24)                 ADD   R1 R1 #-10
(3015) 1277  0001001001110111 (  25)                 ADD   R1 R1 #-9
(3016) 045A  0000010001011010 (  26)                 BRZ   Exit
(3017) E0C3  1110000011000011 (  29) Enc             LEA   R0 Msg3
(3018) F022  1111000000100010 (  30) Encrypt         TRAP  x22
(3019) 5920  0101100100100000 (  31)                 AND   R4 R4 #0
(301A) 0404  0000010000000100 (  32)                 BRZ   nxt
(301B) E0BF  1110000010111111 (  34) Dec             LEA   R0 Msg3
(301C) F022  1111000000100010 (  35)                 TRAP  x22
(301D) 5920  0101100100100000 (  36)                 AND   R4 R4 #0
(301E) 1921  0001100100100001 (  37)                 ADD   R4 R4 #1
(301F) 4803  0100100000000011 (  39) nxt             JSR   GetNum
(3020) 5B60  0101101101100000 (  40) cont1           AND   R5 R5 #0
(3021) 1B42  0001101101000010 (  41)                 ADD   R5 R5 R2
(3022) 4819  0100100000011001 (  42) Dloop           JSR   write
(3023) 5020  0101000000100000 (  47) GetNum          AND   R0 R0 #0
(3024) 54A0  0101010010100000 (  48)                 AND   R2 R2 #0
(3025) F020  1111000000100000 (  50) GETNX           TRAP  x20
(3026) F021  1111000000100001 (  51)                 TRAP  x21
(3027) 5B60  0101101101100000 (  53)                 AND   R5 R5 #0
(3028) 1A36  0001101000110110 (  54)                 ADD   R5 R0 #-10
(3029) 040E  0000010000001110 (  55)                 BRZ   goback
(302A) 5B60  0101101101100000 (  57)                 AND   R5 R5 #0
(302B) 4843  0100100001000011 (  58)                 JSR   load5
(302C) 1005  0001000000000101 (  59) backup          ADD   R0 R0 R5
(302D) 5260  0101001001100000 (  60)                 AND   R1 R1 #0
(302E) 1220  0001001000100000 (  61)                 ADD   R1 R0 #0
(302F) 56E0  0101011011100000 (  63)                 AND   R3 R3 #0
(3030) 16C2  0001011011000010 (  64)                 ADD   R3 R3 R2
(3031) 5DA0  0101110110100000 (  65)                 AND   R6 R6 #0
(3032) 1DA9  0001110110101001 (  66)                 ADD   R6 R6 #9
(3033) 1483  0001010010000011 (  68) GETFULL         ADD   R2 R2 R3
(3034) 1DBF  0001110110111111 (  69)                 ADD   R6 R6 #-1
(3035) 03FD  0000001111111101 (  70)                 BRP   GETFULL
(3036) 1480  0001010010000000 (  71)                 ADD   R2 R2 R0
(3037) 0FED  0000111111101101 (  72)                 BRNZP GETNX
(3038) E0C0  1110000011000000 (  74) goback          LEA   R0 Msg4
(3039) F022  1111000000100010 (  75)                 TRAP  x22
(303A) 5DA0  0101110110100000 (  76)                 AND   R6 R6 #0
(303B) 05E4  0000010111100100 (  77)                 BRZ   cont1
(303C) 56E0  0101011011100000 (  80) write           AND   R3 R3 #0
(303D) 0E2C  0000111000101100 (  81)                 BRNZP J1
(303E) F020  1111000000100000 (  83) Loop            TRAP  x20
(303F) F021  1111000000100001 (  84)                 TRAP  x21
(3040) 5260  0101001001100000 (  85)                 AND   R1 R1 #0
(3041) 5DA0  0101110110100000 (  86)                 AND   R6 R6 #0
(3042) 1C36  0001110000110110 (  87)                 ADD   R6 R0 #-10
(3043) 042E  0000010000101110 (  88)                 BRZ   print
(3044) 70C0  0111000011000000 (  90)                 STR   R0 R3 #0
(3045) 16E1  0001011011100001 (  91)                 ADD   R3 R3 #1
(3046) 0E00  0000111000000000 (  92)                 BRNZP checkin
(3047) 2C30  0010110000110000 (  96) checkin         LD    R6 letter
(3048) 1206  0001001000000110 (  97)                 ADD   R1 R0 R6
(3049) 081D  0000100000011101 (  98)                 BRN   loadd
(304A) 2C2A  0010110000101010 ( 100)                 LD    R6 Uhalf
(304B) 5260  0101001001100000 ( 101)                 AND   R1 R1 #0
(304C) 1206  0001001000000110 ( 102)                 ADD   R1 R0 R6
(304D) 0C09  0000110000001001 ( 103)                 BRNZ  Upper
(304E) 2C27  0010110000100111 ( 105)                 LD    R6 Lhalf
(304F) 5260  0101001001100000 ( 106)                 AND   R1 R1 #0
(3050) 1206  0001001000000110 ( 107)                 ADD   R1 R0 R6
(3051) 0815  0000100000010101 ( 108)                 BRN   loadd
(3052) 2C24  0010110000100100 ( 110)                 LD    R6 Lcase
(3053) 5260  0101001001100000 ( 111)                 AND   R1 R1 #0
(3054) 1206  0001001000000110 ( 112)                 ADD   R1 R0 R6
(3055) 0C04  0000110000000100 ( 113)                 BRNZ  Lower
(3056) 0E10  0000111000010000 ( 114)                 BRNZP loadd
(3057) 1920  0001100100100000 ( 116) Upper           ADD   R4 R4 #0
(3058) 04CD  0000010011001101 ( 117)                 BRZ   UpperE
(3059) 0EE5  0000111011100101 ( 118)                 BRNZP UpperD
(305A) 1920  0001100100100000 ( 120) Lower           ADD   R4 R4 #0
(305B) 04D9  0000010011011001 ( 121)                 BRZ   LowerE
(305C) 0EF0  0000111011110000 ( 122)                 BRNZP LowerD
(305D) 1B60  0001101101100000 ( 124) flipcyl         ADD   R5 R5 #0
(305E) 08EF  0000100011101111 ( 125)                 BRN   contl
(305F) 9B7F  1001101101111111 ( 126)                 NOT   R5 R5
(3060) 1B61  0001101101100001 ( 127)                 ADD   R5 R5 #1
(3061) 0EEC  0000111011101100 ( 128)                 BRNZP contl
(3062) 1B60  0001101101100000 ( 130) flipcy          ADD   R5 R5 #0
(3063) 08DC  0000100011011100 ( 131)                 BRN   contu
(3064) 9B7F  1001101101111111 ( 132)                 NOT   R5 R5
(3065) 1B61  0001101101100001 ( 133)                 ADD   R5 R5 #1
(3066) 0ED9  0000111011011001 ( 134)                 BRNZP contu
(3067) 7080  0111000010000000 ( 136) loadd           STR   R0 R2 #0
(3068) 14A1  0001010010100001 ( 137)                 ADD   R2 R2 #1
(3069) 0FD4  0000111111010100 ( 138)                 BRNZP Loop
(306A) 48EB  0100100011101011 ( 142) J1              JSR   refarr
(306B) 5260  0101001001100000 ( 143)                 AND   R1 R1 #0
(306C) 240D  0010010000001101 ( 144)                 LD    R2 hunna
(306D) 14C2  0001010011000010 ( 145)                 ADD   R2 R3 R2
(306E) 0FCF  0000111111001111 ( 146)                 BRNZP Loop
(306F) 2A09  0010101000001001 ( 148) load5           LD    R5 forte
(3070) 0FBB  0000111110111011 ( 149)                 BRNZP backup
(3071) 0EF5  0000111011110101 ( 151) Exit            BRNZP EXIT
(3072) 0EE5  0000111011100101 ( 153) print           BRNZP Print
(3073) 0FCA  0000111111001010 ( 155) loop            BRNZP Loop
(3074) 0F8D  0000111110001101 ( 156) Begin           BRNZP BEGIN
(3075) FFA6  1111111110100110 ( 158) Uhalf           .FILL xFFA6
(3076) FF9F  1111111110011111 ( 159) Lhalf           .FILL xFF9F
(3077) FF86  1111111110000110 ( 160) Lcase           .FILL xFF86
(3078) FFBF  1111111110111111 ( 161) letter          .FILL xFFBF
(3079) FFD0  1111111111010000 ( 162) forte           .FILL xFFD0
(307A) 00C8  0000000011001000 ( 163) hunna           .FILL x00C8
(307B) 0048  0000000001001000 ( 164) Msg2            .FILL x0048
(307C) 0065  0000000001100101 ( 164)                 .FILL x0065
(307D) 006C  0000000001101100 ( 164)                 .FILL x006C
(307E) 006C  0000000001101100 ( 164)                 .FILL x006C
(307F) 006F  0000000001101111 ( 164)                 .FILL x006F
(3080) 002C  0000000000101100 ( 164)                 .FILL x002C
(3081) 0020  0000000000100000 ( 164)                 .FILL x0020
(3082) 0077  0000000001110111 ( 164)                 .FILL x0077
(3083) 0065  0000000001100101 ( 164)                 .FILL x0065
(3084) 006C  0000000001101100 ( 164)                 .FILL x006C
(3085) 0063  0000000001100011 ( 164)                 .FILL x0063
(3086) 006F  0000000001101111 ( 164)                 .FILL x006F
(3087) 006D  0000000001101101 ( 164)                 .FILL x006D
(3088) 0065  0000000001100101 ( 164)                 .FILL x0065
(3089) 0020  0000000000100000 ( 164)                 .FILL x0020
(308A) 0074  0000000001110100 ( 164)                 .FILL x0074
(308B) 006F  0000000001101111 ( 164)                 .FILL x006F
(308C) 0020  0000000000100000 ( 164)                 .FILL x0020
(308D) 006D  0000000001101101 ( 164)                 .FILL x006D
(308E) 0079  0000000001111001 ( 164)                 .FILL x0079
(308F) 0020  0000000000100000 ( 164)                 .FILL x0020
(3090) 0043  0000000001000011 ( 164)                 .FILL x0043
(3091) 0061  0000000001100001 ( 164)                 .FILL x0061
(3092) 0065  0000000001100101 ( 164)                 .FILL x0065
(3093) 0073  0000000001110011 ( 164)                 .FILL x0073
(3094) 0061  0000000001100001 ( 164)                 .FILL x0061
(3095) 0072  0000000001110010 ( 164)                 .FILL x0072
(3096) 0020  0000000000100000 ( 164)                 .FILL x0020
(3097) 0043  0000000001000011 ( 164)                 .FILL x0043
(3098) 0069  0000000001101001 ( 164)                 .FILL x0069
(3099) 0070  0000000001110000 ( 164)                 .FILL x0070
(309A) 0068  0000000001101000 ( 164)                 .FILL x0068
(309B) 0065  0000000001100101 ( 164)                 .FILL x0065
(309C) 0072  0000000001110010 ( 164)                 .FILL x0072
(309D) 0020  0000000000100000 ( 164)                 .FILL x0020
(309E) 0070  0000000001110000 ( 164)                 .FILL x0070
(309F) 0072  0000000001110010 ( 164)                 .FILL x0072
(30A0) 006F  0000000001101111 ( 164)                 .FILL x006F
(30A1) 0067  0000000001100111 ( 164)                 .FILL x0067
(30A2) 0072  0000000001110010 ( 164)                 .FILL x0072
(30A3) 0061  0000000001100001 ( 164)                 .FILL x0061
(30A4) 006D  0000000001101101 ( 164)                 .FILL x006D
(30A5) 0020  0000000000100000 ( 164)                 .FILL x0020
(30A6) 000A  0000000000001010 ( 164)                 .FILL x000A
(30A7) 0000  0000000000000000 ( 164)                 .FILL x0000
(30A8) 0044  0000000001000100 ( 165) Msg1            .FILL x0044
(30A9) 006F  0000000001101111 ( 165)                 .FILL x006F
(30AA) 0020  0000000000100000 ( 165)                 .FILL x0020
(30AB) 0079  0000000001111001 ( 165)                 .FILL x0079
(30AC) 006F  0000000001101111 ( 165)                 .FILL x006F
(30AD) 0075  0000000001110101 ( 165)                 .FILL x0075
(30AE) 0020  0000000000100000 ( 165)                 .FILL x0020
(30AF) 0077  0000000001110111 ( 165)                 .FILL x0077
(30B0) 0061  0000000001100001 ( 165)                 .FILL x0061
(30B1) 006E  0000000001101110 ( 165)                 .FILL x006E
(30B2) 0074  0000000001110100 ( 165)                 .FILL x0074
(30B3) 0020  0000000000100000 ( 165)                 .FILL x0020
(30B4) 0074  0000000001110100 ( 165)                 .FILL x0074
(30B5) 006F  0000000001101111 ( 165)                 .FILL x006F
(30B6) 0020  0000000000100000 ( 165)                 .FILL x0020
(30B7) 0028  0000000000101000 ( 165)                 .FILL x0028
(30B8) 0045  0000000001000101 ( 165)                 .FILL x0045
(30B9) 0029  0000000000101001 ( 165)                 .FILL x0029
(30BA) 006E  0000000001101110 ( 165)                 .FILL x006E
(30BB) 0063  0000000001100011 ( 165)                 .FILL x0063
(30BC) 0072  0000000001110010 ( 165)                 .FILL x0072
(30BD) 0079  0000000001111001 ( 165)                 .FILL x0079
(30BE) 0070  0000000001110000 ( 165)                 .FILL x0070
(30BF) 0074  0000000001110100 ( 165)                 .FILL x0074
(30C0) 0020  0000000000100000 ( 165)                 .FILL x0020
(30C1) 006F  0000000001101111 ( 165)                 .FILL x006F
(30C2) 0072  0000000001110010 ( 165)                 .FILL x0072
(30C3) 0020  0000000000100000 ( 165)                 .FILL x0020
(30C4) 0028  0000000000101000 ( 165)                 .FILL x0028
(30C5) 0044  0000000001000100 ( 165)                 .FILL x0044
(30C6) 0029  0000000000101001 ( 165)                 .FILL x0029
(30C7) 0065  0000000001100101 ( 165)                 .FILL x0065
(30C8) 0063  0000000001100011 ( 165)                 .FILL x0063
(30C9) 0072  0000000001110010 ( 165)                 .FILL x0072
(30CA) 0079  0000000001111001 ( 165)                 .FILL x0079
(30CB) 0070  0000000001110000 ( 165)                 .FILL x0070
(30CC) 0074  0000000001110100 ( 165)                 .FILL x0074
(30CD) 0020  0000000000100000 ( 165)                 .FILL x0020
(30CE) 006F  0000000001101111 ( 165)                 .FILL x006F
(30CF) 0072  0000000001110010 ( 165)                 .FILL x0072
(30D0) 0020  0000000000100000 ( 165)                 .FILL x0020
(30D1) 0065  0000000001100101 ( 165)                 .FILL x0065
(30D2) 0028  0000000000101000 ( 165)                 .FILL x0028
(30D3) 0058  0000000001011000 ( 165)                 .FILL x0058
(30D4) 0029  0000000000101001 ( 165)                 .FILL x0029
(30D5) 0069  0000000001101001 ( 165)                 .FILL x0069
(30D6) 0074  0000000001110100 ( 165)                 .FILL x0074
(30D7) 003F  0000000000111111 ( 165)                 .FILL x003F
(30D8) 0020  0000000000100000 ( 165)                 .FILL x0020
(30D9) 000A  0000000000001010 ( 165)                 .FILL x000A
(30DA) 0000  0000000000000000 ( 165)                 .FILL x0000
(30DB) 000A  0000000000001010 ( 166) Msg3            .FILL x000A
(30DC) 0057  0000000001010111 ( 166)                 .FILL x0057
(30DD) 0068  0000000001101000 ( 166)                 .FILL x0068
(30DE) 0061  0000000001100001 ( 166)                 .FILL x0061
(30DF) 0074  0000000001110100 ( 166)                 .FILL x0074
(30E0) 0020  0000000000100000 ( 166)                 .FILL x0020
(30E1) 0069  0000000001101001 ( 166)                 .FILL x0069
(30E2) 0073  0000000001110011 ( 166)                 .FILL x0073
(30E3) 0020  0000000000100000 ( 166)                 .FILL x0020
(30E4) 0074  0000000001110100 ( 166)                 .FILL x0074
(30E5) 0068  0000000001101000 ( 166)                 .FILL x0068
(30E6) 0065  0000000001100101 ( 166)                 .FILL x0065
(30E7) 0020  0000000000100000 ( 166)                 .FILL x0020
(30E8) 0063  0000000001100011 ( 166)                 .FILL x0063
(30E9) 0069  0000000001101001 ( 166)                 .FILL x0069
(30EA) 0070  0000000001110000 ( 166)                 .FILL x0070
(30EB) 0068  0000000001101000 ( 166)                 .FILL x0068
(30EC) 0065  0000000001100101 ( 166)                 .FILL x0065
(30ED) 0072  0000000001110010 ( 166)                 .FILL x0072
(30EE) 0020  0000000000100000 ( 166)                 .FILL x0020
(30EF) 0028  0000000000101000 ( 166)                 .FILL x0028
(30F0) 0031  0000000000110001 ( 166)                 .FILL x0031
(30F1) 002D  0000000000101101 ( 166)                 .FILL x002D
(30F2) 0032  0000000000110010 ( 166)                 .FILL x0032
(30F3) 0035  0000000000110101 ( 166)                 .FILL x0035
(30F4) 0029  0000000000101001 ( 166)                 .FILL x0029
(30F5) 003F  0000000000111111 ( 166)                 .FILL x003F
(30F6) 0020  0000000000100000 ( 166)                 .FILL x0020
(30F7) 000A  0000000000001010 ( 166)                 .FILL x000A
(30F8) 0000  0000000000000000 ( 166)                 .FILL x0000
(30F9) 0057  0000000001010111 ( 167) Msg4            .FILL x0057
(30FA) 0068  0000000001101000 ( 167)                 .FILL x0068
(30FB) 0061  0000000001100001 ( 167)                 .FILL x0061
(30FC) 0074  0000000001110100 ( 167)                 .FILL x0074
(30FD) 0020  0000000000100000 ( 167)                 .FILL x0020
(30FE) 0069  0000000001101001 ( 167)                 .FILL x0069
(30FF) 0073  0000000001110011 ( 167)                 .FILL x0073
(3100) 0020  0000000000100000 ( 167)                 .FILL x0020
(3101) 0074  0000000001110100 ( 167)                 .FILL x0074
(3102) 0068  0000000001101000 ( 167)                 .FILL x0068
(3103) 0065  0000000001100101 ( 167)                 .FILL x0065
(3104) 0020  0000000000100000 ( 167)                 .FILL x0020
(3105) 0073  0000000001110011 ( 167)                 .FILL x0073
(3106) 0074  0000000001110100 ( 167)                 .FILL x0074
(3107) 0072  0000000001110010 ( 167)                 .FILL x0072
(3108) 0069  0000000001101001 ( 167)                 .FILL x0069
(3109) 006E  0000000001101110 ( 167)                 .FILL x006E
(310A) 0067  0000000001100111 ( 167)                 .FILL x0067
(310B) 0020  0000000000100000 ( 167)                 .FILL x0020
(310C) 0028  0000000000101000 ( 167)                 .FILL x0028
(310D) 0075  0000000001110101 ( 167)                 .FILL x0075
(310E) 0070  0000000001110000 ( 167)                 .FILL x0070
(310F) 0020  0000000000100000 ( 167)                 .FILL x0020
(3110) 0074  0000000001110100 ( 167)                 .FILL x0074
(3111) 006F  0000000001101111 ( 167)                 .FILL x006F
(3112) 0020  0000000000100000 ( 167)                 .FILL x0020
(3113) 0032  0000000000110010 ( 167)                 .FILL x0032
(3114) 0030  0000000000110000 ( 167)                 .FILL x0030
(3115) 0030  0000000000110000 ( 167)                 .FILL x0030
(3116) 0020  0000000000100000 ( 167)                 .FILL x0020
(3117) 0063  0000000001100011 ( 167)                 .FILL x0063
(3118) 0068  0000000001101000 ( 167)                 .FILL x0068
(3119) 0061  0000000001100001 ( 167)                 .FILL x0061
(311A) 0072  0000000001110010 ( 167)                 .FILL x0072
(311B) 0061  0000000001100001 ( 167)                 .FILL x0061
(311C) 0063  0000000001100011 ( 167)                 .FILL x0063
(311D) 0074  0000000001110100 ( 167)                 .FILL x0074
(311E) 0065  0000000001100101 ( 167)                 .FILL x0065
(311F) 0072  0000000001110010 ( 167)                 .FILL x0072
(3120) 0073  0000000001110011 ( 167)                 .FILL x0073
(3121) 0029  0000000000101001 ( 167)                 .FILL x0029
(3122) 003F  0000000000111111 ( 167)                 .FILL x003F
(3123) 0020  0000000000100000 ( 167)                 .FILL x0020
(3124) 000A  0000000000001010 ( 167)                 .FILL x000A
(3125) 0000  0000000000000000 ( 167)                 .FILL x0000
(3126) 193F  0001100100111111 ( 171) UpperE          ADD   R4 R4 #-1
(3127) 0417  0000010000010111 ( 172)                 BRZ   UpperD
(3128) 1140  0001000101000000 ( 173)                 ADD   R0 R5 R0
(3129) 2C50  0010110001010000 ( 174)                 LD    R6 Uhalf1
(312A) 5260  0101001001100000 ( 175)                 AND   R1 R1 #0
(312B) 1206  0001001000000110 ( 176)                 ADD   R1 R0 R6
(312C) 0203  0000001000000011 ( 177)                 BRP   backA
(312D) 7080  0111000010000000 ( 178)                 STR   R0 R2 #0
(312E) 14A1  0001010010100001 ( 179)                 ADD   R2 R2 #1
(312F) 0F0E  0000111100001110 ( 180)                 BRNZP Loop
(3130) 2C47  0010110001000111 ( 182) backA           LD    R6 alpha
(3131) 1006  0001000000000110 ( 183)                 ADD   R0 R0 R6
(3132) 7080  0111000010000000 ( 184)                 STR   R0 R2 #0
(3133) 14A1  0001010010100001 ( 185)                 ADD   R2 R2 #1
(3134) 0F3E  0000111100111110 ( 186)                 BRNZP loop
(3135) 193F  0001100100111111 ( 188) LowerE          ADD   R4 R4 #-1
(3136) 0416  0000010000010110 ( 189)                 BRZ   LowerD
(3137) 1140  0001000101000000 ( 190)                 ADD   R0 R5 R0
(3138) 2C43  0010110001000011 ( 192)                 LD    R6 Lcase1
(3139) 5260  0101001001100000 ( 193)                 AND   R1 R1 #0
(313A) 1206  0001001000000110 ( 194)                 ADD   R1 R0 R6
(313B) 03F4  0000001111110100 ( 195)                 BRP   backA
(313C) 7080  0111000010000000 ( 196)                 STR   R0 R2 #0
(313D) 14A1  0001010010100001 ( 197)                 ADD   R2 R2 #1
(313E) 0F34  0000111100110100 ( 198)                 BRNZP loop
(313F) 0F22  0000111100100010 ( 200) UpperD          BRNZP flipcy
(3140) 1140  0001000101000000 ( 201) contu           ADD   R0 R5 R0
(3141) 2C35  0010110000110101 ( 202)                 LD    R6 letter1
(3142) 5260  0101001001100000 ( 203)                 AND   R1 R1 #0
(3143) 1206  0001001000000110 ( 204)                 ADD   R1 R0 R6
(3144) 0803  0000100000000011 ( 205)                 BRN   forwA
(3145) 7080  0111000010000000 ( 206)                 STR   R0 R2 #0
(3146) 14A1  0001010010100001 ( 207)                 ADD   R2 R2 #1
(3147) 0F2B  0000111100101011 ( 208)                 BRNZP loop
(3148) 2C30  0010110000110000 ( 210) forwA           LD    R6 alphano
(3149) 1006  0001000000000110 ( 211)                 ADD   R0 R0 R6
(314A) 7080  0111000010000000 ( 212)                 STR   R0 R2 #0
(314B) 14A1  0001010010100001 ( 213)                 ADD   R2 R2 #1
(314C) 0F26  0000111100100110 ( 214)                 BRNZP loop
(314D) 0F0F  0000111100001111 ( 216) LowerD          BRNZP flipcyl
(314E) 1140  0001000101000000 ( 217) contl           ADD   R0 R5 R0
(314F) 2C2B  0010110000101011 ( 218)                 LD    R6 Lhalf1
(3150) 5260  0101001001100000 ( 219)                 AND   R1 R1 #0
(3151) 1206  0001001000000110 ( 220)                 ADD   R1 R0 R6
(3152) 09F5  0000100111110101 ( 221)                 BRN   forwA
(3153) 7080  0111000010000000 ( 222)                 STR   R0 R2 #0
(3154) 14A1  0001010010100001 ( 223)                 ADD   R2 R2 #1
(3155) 0F1D  0000111100011101 ( 224)                 BRNZP loop
(3156) E629  1110011000101001 ( 226) refarr          LEA   R3 Array
(3157) C1C0  1100000111000000 ( 227)                 RET   
(3158) E627  1110011000100111 ( 231) Print           LEA   R3 Array
(3159) 54A0  0101010010100000 ( 232)                 AND   R2 R2 #0
(315A) 14A1  0001010010100001 ( 233)                 ADD   R2 R2 #1
(315B) 14BF  0001010010111111 ( 234) ploop1          ADD   R2 R2 #-1
(315C) 2C21  0010110000100001 ( 235)                 LD    R6 hunna1
(315D) 60C0  0110000011000000 ( 236) ploop           LDR   R0 R3 #0
(315E) F021  1111000000100001 ( 237)                 TRAP  x21
(315F) 16E1  0001011011100001 ( 238)                 ADD   R3 R3 #1
(3160) 1DBF  0001110110111111 ( 239)                 ADD   R6 R6 #-1
(3161) 03FB  0000001111111011 ( 240)                 BRP   ploop
(3162) E007  1110000000000111 ( 241)                 LEA   R0 NEWL
(3163) F022  1111000000100010 ( 242)                 TRAP  x22
(3164) 14A0  0001010010100000 ( 243)                 ADD   R2 R2 #0
(3165) 05F5  0000010111110101 ( 244)                 BRZ   ploop1
(3166) 0F0D  0000111100001101 ( 245)                 BRNZP Begin
(3167) E004  1110000000000100 ( 248) EXIT            LEA   R0 piece
(3168) F022  1111000000100010 ( 249)                 TRAP  x22
(3169) F025  1111000000100101 ( 250)                 TRAP  x25
(316A) 000A  0000000000001010 ( 251) NEWL            .FILL x000A
(316B) 0000  0000000000000000 ( 251)                 .FILL x0000
(316C) 000A  0000000000001010 ( 252) piece           .FILL x000A
(316D) 0050  0000000001010000 ( 252)                 .FILL x0050
(316E) 0045  0000000001000101 ( 252)                 .FILL x0045
(316F) 0041  0000000001000001 ( 252)                 .FILL x0041
(3170) 0043  0000000001000011 ( 252)                 .FILL x0043
(3171) 0045  0000000001000101 ( 252)                 .FILL x0045
(3172) 0020  0000000000100000 ( 252)                 .FILL x0020
(3173) 004F  0000000001001111 ( 252)                 .FILL x004F
(3174) 0055  0000000001010101 ( 252)                 .FILL x0055
(3175) 0054  0000000001010100 ( 252)                 .FILL x0054
(3176) 0000  0000000000000000 ( 252)                 .FILL x0000
(3177) FFBF  1111111110111111 ( 253) letter1         .FILL xFFBF
(3178) FFE6  1111111111100110 ( 254) alpha           .FILL xFFE6
(3179) 001A  0000000000011010 ( 255) alphano         .FILL x001A
(317A) FFA6  1111111110100110 ( 256) Uhalf1          .FILL xFFA6
(317B) FF9F  1111111110011111 ( 257) Lhalf1          .FILL xFF9F
(317C) FF86  1111111110000110 ( 258) Lcase1          .FILL xFF86
(317D) FFD0  1111111111010000 ( 259) forte1          .FILL xFFD0
(317E) 00C8  0000000011001000 ( 260) hunna1          .FILL x00C8
(317F) FF39  1111111100111001 ( 261) min199          .FILL xFF39
(3180) 0000  0000000000000000 ( 263) Array           .FILL x0000
(3181) 0000  0000000000000000 ( 263)                 .FILL x0000
(3182) 0000  0000000000000000 ( 263)                 .FILL x0000
(3183) 0000  0000000000000000 ( 263)                 .FILL x0000
(3184) 0000  0000000000000000 ( 263)                 .FILL x0000
(3185) 0000  0000000000000000 ( 263)                 .FILL x0000
(3186) 0000  0000000000000000 ( 263)                 .FILL x0000
(3187) 0000  0000000000000000 ( 263)                 .FILL x0000
(3188) 0000  0000000000000000 ( 263)                 .FILL x0000
(3189) 0000  0000000000000000 ( 263)                 .FILL x0000
(318A) 0000  0000000000000000 ( 263)                 .FILL x0000
(318B) 0000  0000000000000000 ( 263)                 .FILL x0000
(318C) 0000  0000000000000000 ( 263)                 .FILL x0000
(318D) 0000  0000000000000000 ( 263)                 .FILL x0000
(318E) 0000  0000000000000000 ( 263)                 .FILL x0000
(318F) 0000  0000000000000000 ( 263)                 .FILL x0000
(3190) 0000  0000000000000000 ( 263)                 .FILL x0000
(3191) 0000  0000000000000000 ( 263)                 .FILL x0000
(3192) 0000  0000000000000000 ( 263)                 .FILL x0000
(3193) 0000  0000000000000000 ( 263)                 .FILL x0000
(3194) 0000  0000000000000000 ( 263)                 .FILL x0000
(3195) 0000  0000000000000000 ( 263)                 .FILL x0000
(3196) 0000  0000000000000000 ( 263)                 .FILL x0000
(3197) 0000  0000000000000000 ( 263)                 .FILL x0000
(3198) 0000  0000000000000000 ( 263)                 .FILL x0000
(3199) 0000  0000000000000000 ( 263)                 .FILL x0000
(319A) 0000  0000000000000000 ( 263)                 .FILL x0000
(319B) 0000  0000000000000000 ( 263)                 .FILL x0000
(319C) 0000  0000000000000000 ( 263)                 .FILL x0000
(319D) 0000  0000000000000000 ( 263)                 .FILL x0000
(319E) 0000  0000000000000000 ( 263)                 .FILL x0000
(319F) 0000  0000000000000000 ( 263)                 .FILL x0000
(31A0) 0000  0000000000000000 ( 263)                 .FILL x0000
(31A1) 0000  0000000000000000 ( 263)                 .FILL x0000
(31A2) 0000  0000000000000000 ( 263)                 .FILL x0000
(31A3) 0000  0000000000000000 ( 263)                 .FILL x0000
(31A4) 0000  0000000000000000 ( 263)                 .FILL x0000
(31A5) 0000  0000000000000000 ( 263)                 .FILL x0000
(31A6) 0000  0000000000000000 ( 263)                 .FILL x0000
(31A7) 0000  0000000000000000 ( 263)                 .FILL x0000
(31A8) 0000  0000000000000000 ( 263)                 .FILL x0000
(31A9) 0000  0000000000000000 ( 263)                 .FILL x0000
(31AA) 0000  0000000000000000 ( 263)                 .FILL x0000
(31AB) 0000  0000000000000000 ( 263)                 .FILL x0000
(31AC) 0000  0000000000000000 ( 263)                 .FILL x0000
(31AD) 0000  0000000000000000 ( 263)                 .FILL x0000
(31AE) 0000  0000000000000000 ( 263)                 .FILL x0000
(31AF) 0000  0000000000000000 ( 263)                 .FILL x0000
(31B0) 0000  0000000000000000 ( 263)                 .FILL x0000
(31B1) 0000  0000000000000000 ( 263)                 .FILL x0000
(31B2) 0000  0000000000000000 ( 263)                 .FILL x0000
(31B3) 0000  0000000000000000 ( 263)                 .FILL x0000
(31B4) 0000  0000000000000000 ( 263)                 .FILL x0000
(31B5) 0000  0000000000000000 ( 263)                 .FILL x0000
(31B6) 0000  0000000000000000 ( 263)                 .FILL x0000
(31B7) 0000  0000000000000000 ( 263)                 .FILL x0000
(31B8) 0000  0000000000000000 ( 263)                 .FILL x0000
(31B9) 0000  0000000000000000 ( 263)                 .FILL x0000
(31BA) 0000  0000000000000000 ( 263)                 .FILL x0000
(31BB) 0000  0000000000000000 ( 263)                 .FILL x0000
(31BC) 0000  0000000000000000 ( 263)                 .FILL x0000
(31BD) 0000  0000000000000000 ( 263)                 .FILL x0000
(31BE) 0000  0000000000000000 ( 263)                 .FILL x0000
(31BF) 0000  0000000000000000 ( 263)                 .FILL x0000
(31C0) 0000  0000000000000000 ( 263)                 .FILL x0000
(31C1) 0000  0000000000000000 ( 263)                 .FILL x0000
(31C2) 0000  0000000000000000 ( 263)                 .FILL x0000
(31C3) 0000  0000000000000000 ( 263)                 .FILL x0000
(31C4) 0000  0000000000000000 ( 263)                 .FILL x0000
(31C5) 0000  0000000000000000 ( 263)                 .FILL x0000
(31C6) 0000  0000000000000000 ( 263)                 .FILL x0000
(31C7) 0000  0000000000000000 ( 263)                 .FILL x0000
(31C8) 0000  0000000000000000 ( 263)                 .FILL x0000
(31C9) 0000  0000000000000000 ( 263)                 .FILL x0000
(31CA) 0000  0000000000000000 ( 263)                 .FILL x0000
(31CB) 0000  0000000000000000 ( 263)                 .FILL x0000
(31CC) 0000  0000000000000000 ( 263)                 .FILL x0000
(31CD) 0000  0000000000000000 ( 263)                 .FILL x0000
(31CE) 0000  0000000000000000 ( 263)                 .FILL x0000
(31CF) 0000  0000000000000000 ( 263)                 .FILL x0000
(31D0) 0000  0000000000000000 ( 263)                 .FILL x0000
(31D1) 0000  0000000000000000 ( 263)                 .FILL x0000
(31D2) 0000  0000000000000000 ( 263)                 .FILL x0000
(31D3) 0000  0000000000000000 ( 263)                 .FILL x0000
(31D4) 0000  0000000000000000 ( 263)                 .FILL x0000
(31D5) 0000  0000000000000000 ( 263)                 .FILL x0000
(31D6) 0000  0000000000000000 ( 263)                 .FILL x0000
(31D7) 0000  0000000000000000 ( 263)                 .FILL x0000
(31D8) 0000  0000000000000000 ( 263)                 .FILL x0000
(31D9) 0000  0000000000000000 ( 263)                 .FILL x0000
(31DA) 0000  0000000000000000 ( 263)                 .FILL x0000
(31DB) 0000  0000000000000000 ( 263)                 .FILL x0000
(31DC) 0000  0000000000000000 ( 263)                 .FILL x0000
(31DD) 0000  0000000000000000 ( 263)                 .FILL x0000
(31DE) 0000  0000000000000000 ( 263)                 .FILL x0000
(31DF) 0000  0000000000000000 ( 263)                 .FILL x0000
(31E0) 0000  0000000000000000 ( 263)                 .FILL x0000
(31E1) 0000  0000000000000000 ( 263)                 .FILL x0000
(31E2) 0000  0000000000000000 ( 263)                 .FILL x0000
(31E3) 0000  0000000000000000 ( 263)                 .FILL x0000
(31E4) 0000  0000000000000000 ( 263)                 .FILL x0000
(31E5) 0000  0000000000000000 ( 263)                 .FILL x0000
(31E6) 0000  0000000000000000 ( 263)                 .FILL x0000
(31E7) 0000  0000000000000000 ( 263)                 .FILL x0000
(31E8) 0000  0000000000000000 ( 263)                 .FILL x0000
(31E9) 0000  0000000000000000 ( 263)                 .FILL x0000
(31EA) 0000  0000000000000000 ( 263)                 .FILL x0000
(31EB) 0000  0000000000000000 ( 263)                 .FILL x0000
(31EC) 0000  0000000000000000 ( 263)                 .FILL x0000
(31ED) 0000  0000000000000000 ( 263)                 .FILL x0000
(31EE) 0000  0000000000000000 ( 263)                 .FILL x0000
(31EF) 0000  0000000000000000 ( 263)                 .FILL x0000
(31F0) 0000  0000000000000000 ( 263)                 .FILL x0000
(31F1) 0000  0000000000000000 ( 263)                 .FILL x0000
(31F2) 0000  0000000000000000 ( 263)                 .FILL x0000
(31F3) 0000  0000000000000000 ( 263)                 .FILL x0000
(31F4) 0000  0000000000000000 ( 263)                 .FILL x0000
(31F5) 0000  0000000000000000 ( 263)                 .FILL x0000
(31F6) 0000  0000000000000000 ( 263)                 .FILL x0000
(31F7) 0000  0000000000000000 ( 263)                 .FILL x0000
(31F8) 0000  0000000000000000 ( 263)                 .FILL x0000
(31F9) 0000  0000000000000000 ( 263)                 .FILL x0000
(31FA) 0000  0000000000000000 ( 263)                 .FILL x0000
(31FB) 0000  0000000000000000 ( 263)                 .FILL x0000
(31FC) 0000  0000000000000000 ( 263)                 .FILL x0000
(31FD) 0000  0000000000000000 ( 263)                 .FILL x0000
(31FE) 0000  0000000000000000 ( 263)                 .FILL x0000
(31FF) 0000  0000000000000000 ( 263)                 .FILL x0000
(3200) 0000  0000000000000000 ( 263)                 .FILL x0000
(3201) 0000  0000000000000000 ( 263)                 .FILL x0000
(3202) 0000  0000000000000000 ( 263)                 .FILL x0000
(3203) 0000  0000000000000000 ( 263)                 .FILL x0000
(3204) 0000  0000000000000000 ( 263)                 .FILL x0000
(3205) 0000  0000000000000000 ( 263)                 .FILL x0000
(3206) 0000  0000000000000000 ( 263)                 .FILL x0000
(3207) 0000  0000000000000000 ( 263)                 .FILL x0000
(3208) 0000  0000000000000000 ( 263)                 .FILL x0000
(3209) 0000  0000000000000000 ( 263)                 .FILL x0000
(320A) 0000  0000000000000000 ( 263)                 .FILL x0000
(320B) 0000  0000000000000000 ( 263)                 .FILL x0000
(320C) 0000  0000000000000000 ( 263)                 .FILL x0000
(320D) 0000  0000000000000000 ( 263)                 .FILL x0000
(320E) 0000  0000000000000000 ( 263)                 .FILL x0000
(320F) 0000  0000000000000000 ( 263)                 .FILL x0000
(3210) 0000  0000000000000000 ( 263)                 .FILL x0000
(3211) 0000  0000000000000000 ( 263)                 .FILL x0000
(3212) 0000  0000000000000000 ( 263)                 .FILL x0000
(3213) 0000  0000000000000000 ( 263)                 .FILL x0000
(3214) 0000  0000000000000000 ( 263)                 .FILL x0000
(3215) 0000  0000000000000000 ( 263)                 .FILL x0000
(3216) 0000  0000000000000000 ( 263)                 .FILL x0000
(3217) 0000  0000000000000000 ( 263)                 .FILL x0000
(3218) 0000  0000000000000000 ( 263)                 .FILL x0000
(3219) 0000  0000000000000000 ( 263)                 .FILL x0000
(321A) 0000  0000000000000000 ( 263)                 .FILL x0000
(321B) 0000  0000000000000000 ( 263)                 .FILL x0000
(321C) 0000  0000000000000000 ( 263)                 .FILL x0000
(321D) 0000  0000000000000000 ( 263)                 .FILL x0000
(321E) 0000  0000000000000000 ( 263)                 .FILL x0000
(321F) 0000  0000000000000000 ( 263)                 .FILL x0000
(3220) 0000  0000000000000000 ( 263)                 .FILL x0000
(3221) 0000  0000000000000000 ( 263)                 .FILL x0000
(3222) 0000  0000000000000000 ( 263)                 .FILL x0000
(3223) 0000  0000000000000000 ( 263)                 .FILL x0000
(3224) 0000  0000000000000000 ( 263)                 .FILL x0000
(3225) 0000  0000000000000000 ( 263)                 .FILL x0000
(3226) 0000  0000000000000000 ( 263)                 .FILL x0000
(3227) 0000  0000000000000000 ( 263)                 .FILL x0000
(3228) 0000  0000000000000000 ( 263)                 .FILL x0000
(3229) 0000  0000000000000000 ( 263)                 .FILL x0000
(322A) 0000  0000000000000000 ( 263)                 .FILL x0000
(322B) 0000  0000000000000000 ( 263)                 .FILL x0000
(322C) 0000  0000000000000000 ( 263)                 .FILL x0000
(322D) 0000  0000000000000000 ( 263)                 .FILL x0000
(322E) 0000  0000000000000000 ( 263)                 .FILL x0000
(322F) 0000  0000000000000000 ( 263)                 .FILL x0000
(3230) 0000  0000000000000000 ( 263)                 .FILL x0000
(3231) 0000  0000000000000000 ( 263)                 .FILL x0000
(3232) 0000  0000000000000000 ( 263)                 .FILL x0000
(3233) 0000  0000000000000000 ( 263)                 .FILL x0000
(3234) 0000  0000000000000000 ( 263)                 .FILL x0000
(3235) 0000  0000000000000000 ( 263)                 .FILL x0000
(3236) 0000  0000000000000000 ( 263)                 .FILL x0000
(3237) 0000  0000000000000000 ( 263)                 .FILL x0000
(3238) 0000  0000000000000000 ( 263)                 .FILL x0000
(3239) 0000  0000000000000000 ( 263)                 .FILL x0000
(323A) 0000  0000000000000000 ( 263)                 .FILL x0000
(323B) 0000  0000000000000000 ( 263)                 .FILL x0000
(323C) 0000  0000000000000000 ( 263)                 .FILL x0000
(323D) 0000  0000000000000000 ( 263)                 .FILL x0000
(323E) 0000  0000000000000000 ( 263)                 .FILL x0000
(323F) 0000  0000000000000000 ( 263)                 .FILL x0000
(3240) 0000  0000000000000000 ( 263)                 .FILL x0000
(3241) 0000  0000000000000000 ( 263)                 .FILL x0000
(3242) 0000  0000000000000000 ( 263)                 .FILL x0000
(3243) 0000  0000000000000000 ( 263)                 .FILL x0000
(3244) 0000  0000000000000000 ( 263)                 .FILL x0000
(3245) 0000  0000000000000000 ( 263)                 .FILL x0000
(3246) 0000  0000000000000000 ( 263)                 .FILL x0000
(3247) 0000  0000000000000000 ( 263)                 .FILL x0000
(3248) 0000  0000000000000000 ( 263)                 .FILL x0000
(3249) 0000  0000000000000000 ( 263)                 .FILL x0000
(324A) 0000  0000000000000000 ( 263)                 .FILL x0000
(324B) 0000  0000000000000000 ( 263)                 .FILL x0000
(324C) 0000  0000000000000000 ( 263)                 .FILL x0000
(324D) 0000  0000000000000000 ( 263)                 .FILL x0000
(324E) 0000  0000000000000000 ( 263)                 .FILL x0000
(324F) 0000  0000000000000000 ( 263)                 .FILL x0000
(3250) 0000  0000000000000000 ( 263)                 .FILL x0000
(3251) 0000  0000000000000000 ( 263)                 .FILL x0000
(3252) 0000  0000000000000000 ( 263)                 .FILL x0000
(3253) 0000  0000000000000000 ( 263)                 .FILL x0000
(3254) 0000  0000000000000000 ( 263)                 .FILL x0000
(3255) 0000  0000000000000000 ( 263)                 .FILL x0000
(3256) 0000  0000000000000000 ( 263)                 .FILL x0000
(3257) 0000  0000000000000000 ( 263)                 .FILL x0000
(3258) 0000  0000000000000000 ( 263)                 .FILL x0000
(3259) 0000  0000000000000000 ( 263)                 .FILL x0000
(325A) 0000  0000000000000000 ( 263)                 .FILL x0000
(325B) 0000  0000000000000000 ( 263)                 .FILL x0000
(325C) 0000  0000000000000000 ( 263)                 .FILL x0000
(325D) 0000  0000000000000000 ( 263)                 .FILL x0000
(325E) 0000  0000000000000000 ( 263)                 .FILL x0000
(325F) 0000  0000000000000000 ( 263)                 .FILL x0000
(3260) 0000  0000000000000000 ( 263)                 .FILL x0000
(3261) 0000  0000000000000000 ( 263)                 .FILL x0000
(3262) 0000  0000000000000000 ( 263)                 .FILL x0000
(3263) 0000  0000000000000000 ( 263)                 .FILL x0000
(3264) 0000  0000000000000000 ( 263)                 .FILL x0000
(3265) 0000  0000000000000000 ( 263)                 .FILL x0000
(3266) 0000  0000000000000000 ( 263)                 .FILL x0000
(3267) 0000  0000000000000000 ( 263)                 .FILL x0000
(3268) 0000  0000000000000000 ( 263)                 .FILL x0000
(3269) 0000  0000000000000000 ( 263)                 .FILL x0000
(326A) 0000  0000000000000000 ( 263)                 .FILL x0000
(326B) 0000  0000000000000000 ( 263)                 .FILL x0000
(326C) 0000  0000000000000000 ( 263)                 .FILL x0000
(326D) 0000  0000000000000000 ( 263)                 .FILL x0000
(326E) 0000  0000000000000000 ( 263)                 .FILL x0000
(326F) 0000  0000000000000000 ( 263)                 .FILL x0000
(3270) 0000  0000000000000000 ( 263)                 .FILL x0000
(3271) 0000  0000000000000000 ( 263)                 .FILL x0000
(3272) 0000  0000000000000000 ( 263)                 .FILL x0000
(3273) 0000  0000000000000000 ( 263)                 .FILL x0000
(3274) 0000  0000000000000000 ( 263)                 .FILL x0000
(3275) 0000  0000000000000000 ( 263)                 .FILL x0000
(3276) 0000  0000000000000000 ( 263)                 .FILL x0000
(3277) 0000  0000000000000000 ( 263)                 .FILL x0000
(3278) 0000  0000000000000000 ( 263)                 .FILL x0000
(3279) 0000  0000000000000000 ( 263)                 .FILL x0000
(327A) 0000  0000000000000000 ( 263)                 .FILL x0000
(327B) 0000  0000000000000000 ( 263)                 .FILL x0000
(327C) 0000  0000000000000000 ( 263)                 .FILL x0000
(327D) 0000  0000000000000000 ( 263)                 .FILL x0000
(327E) 0000  0000000000000000 ( 263)                 .FILL x0000
(327F) 0000  0000000000000000 ( 263)                 .FILL x0000
(3280) 0000  0000000000000000 ( 263)                 .FILL x0000
(3281) 0000  0000000000000000 ( 263)                 .FILL x0000
(3282) 0000  0000000000000000 ( 263)                 .FILL x0000
(3283) 0000  0000000000000000 ( 263)                 .FILL x0000
(3284) 0000  0000000000000000 ( 263)                 .FILL x0000
(3285) 0000  0000000000000000 ( 263)                 .FILL x0000
(3286) 0000  0000000000000000 ( 263)                 .FILL x0000
(3287) 0000  0000000000000000 ( 263)                 .FILL x0000
(3288) 0000  0000000000000000 ( 263)                 .FILL x0000
(3289) 0000  0000000000000000 ( 263)                 .FILL x0000
(328A) 0000  0000000000000000 ( 263)                 .FILL x0000
(328B) 0000  0000000000000000 ( 263)                 .FILL x0000
(328C) 0000  0000000000000000 ( 263)                 .FILL x0000
(328D) 0000  0000000000000000 ( 263)                 .FILL x0000
(328E) 0000  0000000000000000 ( 263)                 .FILL x0000
(328F) 0000  0000000000000000 ( 263)                 .FILL x0000
(3290) 0000  0000000000000000 ( 263)                 .FILL x0000
(3291) 0000  0000000000000000 ( 263)                 .FILL x0000
(3292) 0000  0000000000000000 ( 263)                 .FILL x0000
(3293) 0000  0000000000000000 ( 263)                 .FILL x0000
(3294) 0000  0000000000000000 ( 263)                 .FILL x0000
(3295) 0000  0000000000000000 ( 263)                 .FILL x0000
(3296) 0000  0000000000000000 ( 263)                 .FILL x0000
(3297) 0000  0000000000000000 ( 263)                 .FILL x0000
(3298) 0000  0000000000000000 ( 263)                 .FILL x0000
(3299) 0000  0000000000000000 ( 263)                 .FILL x0000
(329A) 0000  0000000000000000 ( 263)                 .FILL x0000
(329B) 0000  0000000000000000 ( 263)                 .FILL x0000
(329C) 0000  0000000000000000 ( 263)                 .FILL x0000
(329D) 0000  0000000000000000 ( 263)                 .FILL x0000
(329E) 0000  0000000000000000 ( 263)                 .FILL x0000
(329F) 0000  0000000000000000 ( 263)                 .FILL x0000
(32A0) 0000  0000000000000000 ( 263)                 .FILL x0000
(32A1) 0000  0000000000000000 ( 263)                 .FILL x0000
(32A2) 0000  0000000000000000 ( 263)                 .FILL x0000
(32A3) 0000  0000000000000000 ( 263)                 .FILL x0000
(32A4) 0000  0000000000000000 ( 263)                 .FILL x0000
(32A5) 0000  0000000000000000 ( 263)                 .FILL x0000
(32A6) 0000  0000000000000000 ( 263)                 .FILL x0000
(32A7) 0000  0000000000000000 ( 263)                 .FILL x0000
(32A8) 0000  0000000000000000 ( 263)                 .FILL x0000
(32A9) 0000  0000000000000000 ( 263)                 .FILL x0000
(32AA) 0000  0000000000000000 ( 263)                 .FILL x0000
(32AB) 0000  0000000000000000 ( 263)                 .FILL x0000
(32AC) 0000  0000000000000000 ( 263)                 .FILL x0000
(32AD) 0000  0000000000000000 ( 263)                 .FILL x0000
(32AE) 0000  0000000000000000 ( 263)                 .FILL x0000
(32AF) 0000  0000000000000000 ( 263)                 .FILL x0000
(32B0) 0000  0000000000000000 ( 263)                 .FILL x0000
(32B1) 0000  0000000000000000 ( 263)                 .FILL x0000
(32B2) 0000  0000000000000000 ( 263)                 .FILL x0000
(32B3) 0000  0000000000000000 ( 263)                 .FILL x0000
(32B4) 0000  0000000000000000 ( 263)                 .FILL x0000
(32B5) 0000  0000000000000000 ( 263)                 .FILL x0000
(32B6) 0000  0000000000000000 ( 263)                 .FILL x0000
(32B7) 0000  0000000000000000 ( 263)                 .FILL x0000
(32B8) 0000  0000000000000000 ( 263)                 .FILL x0000
(32B9) 0000  0000000000000000 ( 263)                 .FILL x0000
(32BA) 0000  0000000000000000 ( 263)                 .FILL x0000
(32BB) 0000  0000000000000000 ( 263)                 .FILL x0000
(32BC) 0000  0000000000000000 ( 263)                 .FILL x0000
(32BD) 0000  0000000000000000 ( 263)                 .FILL x0000
(32BE) 0000  0000000000000000 ( 263)                 .FILL x0000
(32BF) 0000  0000000000000000 ( 263)                 .FILL x0000
(32C0) 0000  0000000000000000 ( 263)                 .FILL x0000
(32C1) 0000  0000000000000000 ( 263)                 .FILL x0000
(32C2) 0000  0000000000000000 ( 263)                 .FILL x0000
(32C3) 0000  0000000000000000 ( 263)                 .FILL x0000
(32C4) 0000  0000000000000000 ( 263)                 .FILL x0000
(32C5) 0000  0000000000000000 ( 263)                 .FILL x0000
(32C6) 0000  0000000000000000 ( 263)                 .FILL x0000
(32C7) 0000  0000000000000000 ( 263)                 .FILL x0000
(32C8) 0000  0000000000000000 ( 263)                 .FILL x0000
(32C9) 0000  0000000000000000 ( 263)                 .FILL x0000
(32CA) 0000  0000000000000000 ( 263)                 .FILL x0000
(32CB) 0000  0000000000000000 ( 263)                 .FILL x0000
(32CC) 0000  0000000000000000 ( 263)                 .FILL x0000
(32CD) 0000  0000000000000000 ( 263)                 .FILL x0000
(32CE) 0000  0000000000000000 ( 263)                 .FILL x0000
(32CF) 0000  0000000000000000 ( 263)                 .FILL x0000
(32D0) 0000  0000000000000000 ( 263)                 .FILL x0000
(32D1) 0000  0000000000000000 ( 263)                 .FILL x0000
(32D2) 0000  0000000000000000 ( 263)                 .FILL x0000
(32D3) 0000  0000000000000000 ( 263)                 .FILL x0000
(32D4) 0000  0000000000000000 ( 263)                 .FILL x0000
(32D5) 0000  0000000000000000 ( 263)                 .FILL x0000
(32D6) 0000  0000000000000000 ( 263)                 .FILL x0000
(32D7) 0000  0000000000000000 ( 263)                 .FILL x0000
(32D8) 0000  0000000000000000 ( 263)                 .FILL x0000
(32D9) 0000  0000000000000000 ( 263)                 .FILL x0000
(32DA) 0000  0000000000000000 ( 263)                 .FILL x0000
(32DB) 0000  0000000000000000 ( 263)                 .FILL x0000
(32DC) 0000  0000000000000000 ( 263)                 .FILL x0000
(32DD) 0000  0000000000000000 ( 263)                 .FILL x0000
(32DE) 0000  0000000000000000 ( 263)                 .FILL x0000
(32DF) 0000  0000000000000000 ( 263)                 .FILL x0000
(32E0) 0000  0000000000000000 ( 263)                 .FILL x0000
(32E1) 0000  0000000000000000 ( 263)                 .FILL x0000
(32E2) 0000  0000000000000000 ( 263)                 .FILL x0000
(32E3) 0000  0000000000000000 ( 263)                 .FILL x0000
(32E4) 0000  0000000000000000 ( 263)                 .FILL x0000
(32E5) 0000  0000000000000000 ( 263)                 .FILL x0000
(32E6) 0000  0000000000000000 ( 263)                 .FILL x0000
(32E7) 0000  0000000000000000 ( 263)                 .FILL x0000
(32E8) 0000  0000000000000000 ( 263)                 .FILL x0000
(32E9) 0000  0000000000000000 ( 263)                 .FILL x0000
(32EA) 0000  0000000000000000 ( 263)                 .FILL x0000
(32EB) 0000  0000000000000000 ( 263)                 .FILL x0000
(32EC) 0000  0000000000000000 ( 263)                 .FILL x0000
(32ED) 0000  0000000000000000 ( 263)                 .FILL x0000
(32EE) 0000  0000000000000000 ( 263)                 .FILL x0000
(32EF) 0000  0000000000000000 ( 263)                 .FILL x0000
(32F0) 0000  0000000000000000 ( 263)                 .FILL x0000
(32F1) 0000  0000000000000000 ( 263)                 .FILL x0000
(32F2) 0000  0000000000000000 ( 263)                 .FILL x0000
(32F3) 0000  0000000000000000 ( 263)                 .FILL x0000
(32F4) 0000  0000000000000000 ( 263)                 .FILL x0000
(32F5) 0000  0000000000000000 ( 263)                 .FILL x0000
(32F6) 0000  0000000000000000 ( 263)                 .FILL x0000
(32F7) 0000  0000000000000000 ( 263)                 .FILL x0000
(32F8) 0000  0000000000000000 ( 263)                 .FILL x0000
(32F9) 0000  0000000000000000 ( 263)                 .FILL x0000
(32FA) 0000  0000000000000000 ( 263)                 .FILL x0000
(32FB) 0000  0000000000000000 ( 263)                 .FILL x0000
(32FC) 0000  0000000000000000 ( 263)                 .FILL x0000
(32FD) 0000  0000000000000000 ( 263)                 .FILL x0000
(32FE) 0000  0000000000000000 ( 263)                 .FILL x0000
(32FF) 0000  0000000000000000 ( 263)                 .FILL x0000
(3300) 0000  0000000000000000 ( 263)                 .FILL x0000
(3301) 0000  0000000000000000 ( 263)                 .FILL x0000
(3302) 0000  0000000000000000 ( 263)                 .FILL x0000
(3303) 0000  0000000000000000 ( 263)                 .FILL x0000
(3304) 0000  0000000000000000 ( 263)                 .FILL x0000
(3305) 0000  0000000000000000 ( 263)                 .FILL x0000
(3306) 0000  0000000000000000 ( 263)                 .FILL x0000
(3307) 0000  0000000000000000 ( 263)                 .FILL x0000
(3308) 0000  0000000000000000 ( 263)                 .FILL x0000
(3309) 0000  0000000000000000 ( 263)                 .FILL x0000
(330A) 0000  0000000000000000 ( 263)                 .FILL x0000
(330B) 0000  0000000000000000 ( 263)                 .FILL x0000
(330C) 0000  0000000000000000 ( 263)                 .FILL x0000
(330D) 0000  0000000000000000 ( 263)                 .FILL x0000
(330E) 0000  0000000000000000 ( 263)                 .FILL x0000
(330F) 0000  0000000000000000 ( 263)                 .FILL x0000
