(0000) 3000  0011000000000000 (   1)                 .ORIG x3000
(3000) E041  1110000001000001 (   2)                 LEA   R0 INPUT
(3001) F022  1111000000100010 (   3)                 TRAP  x22
(3002) 5020  0101000000100000 (   4)                 AND   R0 R0 #0
(3003) 54A0  0101010010100000 (   5)                 AND   R2 R2 #0
(3004) 5920  0101100100100000 (   6)                 AND   R4 R4 #0
(3005) F020  1111000000100000 (   8) GETNX           TRAP  x20
(3006) F021  1111000000100001 (   9)                 TRAP  x21
(3007) 5B60  0101101101100000 (  11)                 AND   R5 R5 #0
(3008) 5DA0  0101110110100000 (  12)                 AND   R6 R6 #0
(3009) 1DA3  0001110110100011 (  13)                 ADD   R6 R6 #3
(300A) 1A36  0001101000110110 (  15)                 ADD   R5 R0 #-10
(300B) 041A  0000010000011010 (  16)                 BRZ   NEWL
(300C) 1031  0001000000110001 (  18) GETNUM          ADD   R0 R0 #-15
(300D) 1DBF  0001110110111111 (  19)                 ADD   R6 R6 #-1
(300E) 03FD  0000001111111101 (  20)                 BRP   GETNUM
(300F) 1020  0001000000100000 (  21)                 ADD   R0 R0 #0
(3010) 0A02  0000101000000010 (  22)                 BRNP  CONT
(3011) 1921  0001100100100001 (  24)                 ADD   R4 R4 #1
(3012) 03F2  0000001111110010 (  25)                 BRP   GETNX
(3013) 103D  0001000000111101 (  27) CONT            ADD   R0 R0 #-3
(3014) 5260  0101001001100000 (  30)                 AND   R1 R1 #0
(3015) 1220  0001001000100000 (  31)                 ADD   R1 R0 #0
(3016) 5DA0  0101110110100000 (  32)                 AND   R6 R6 #0
(3017) 1DA4  0001110110100100 (  33)                 ADD   R6 R6 #4
(3018) 1276  0001001001110110 (  35) GETZ            ADD   R1 R1 #-10
(3019) 1DBF  0001110110111111 (  36)                 ADD   R6 R6 #-1
(301A) 03FD  0000001111111101 (  37)                 BRP   GETZ
(301B) 1260  0001001001100000 (  38)                 ADD   R1 R1 #0
(301C) 0420  0000010000100000 (  39)                 BRZ   EXIT
(301D) 56E0  0101011011100000 (  41)                 AND   R3 R3 #0
(301E) 16C2  0001011011000010 (  42)                 ADD   R3 R3 R2
(301F) 5DA0  0101110110100000 (  43)                 AND   R6 R6 #0
(3020) 1DA9  0001110110101001 (  44)                 ADD   R6 R6 #9
(3021) 1483  0001010010000011 (  46) GETFULL         ADD   R2 R2 R3
(3022) 1DBF  0001110110111111 (  47)                 ADD   R6 R6 #-1
(3023) 03FD  0000001111111101 (  48)                 BRP   GETFULL
(3024) 1480  0001010010000000 (  50)                 ADD   R2 R2 R0
(3025) 0FDF  0000111111011111 (  51)                 BRNZP GETNX
(3026) 5020  0101000000100000 (  54) NEWL            AND   R0 R0 #0
(3027) 10A0  0001000010100000 (  55)                 ADD   R0 R2 #0
(3028) 1920  0001100100100000 (  56)                 ADD   R4 R4 #0
(3029) 0402  0000010000000010 (  57)                 BRZ   CONT1
(302A) 94BF  1001010010111111 (  58)                 NOT   R2 R2
(302B) 14A1  0001010010100001 (  59)                 ADD   R2 R2 #1
(302C) 56E0  0101011011100000 (  62) CONT1           AND   R3 R3 #0
(302D) 5B60  0101101101100000 (  63)                 AND   R5 R5 #0
(302E) 16E1  0001011011100001 (  64)                 ADD   R3 R3 #1
(302F) 1B6F  0001101101101111 (  65)                 ADD   R5 R5 #15
(3030) 5DA0  0101110110100000 (  66)                 AND   R6 R6 #0
(3031) 1B60  0001101101100000 (  68) Bloop           ADD   R5 R5 #0
(3032) 080A  0000100000001010 (  69)                 BRN   EXIT
(3033) 5CC2  0101110011000010 (  71)                 AND   R6 R3 R2
(3034) 0403  0000010000000011 (  72)                 BRZ   ZERO
(3035) E00A  1110000000001010 (  74)                 LEA   R0 one
(3036) F022  1111000000100010 (  75)                 TRAP  x22
(3037) 0E02  0000111000000010 (  76)                 BRNZP count
(3038) E005  1110000000000101 (  78) ZERO            LEA   R0 zero
(3039) F022  1111000000100010 (  79)                 TRAP  x22
(303A) 1B7F  0001101101111111 (  81) count           ADD   R5 R5 #-1
(303B) 16C3  0001011011000011 (  82)                 ADD   R3 R3 R3
(303C) 0FF4  0000111111110100 (  83)                 BRNZP Bloop
(303D) F025  1111000000100101 (  88) EXIT            TRAP  x25
(303E) 0030  0000000000110000 (  89) zero            .FILL x0030
(303F) 0000  0000000000000000 (  89)                 .FILL x0000
(3040) 0031  0000000000110001 (  90) one             .FILL x0031
(3041) 0000  0000000000000000 (  90)                 .FILL x0000
(3042) 0045  0000000001000101 (  91) INPUT           .FILL x0045
(3043) 006E  0000000001101110 (  91)                 .FILL x006E
(3044) 0074  0000000001110100 (  91)                 .FILL x0074
(3045) 0065  0000000001100101 (  91)                 .FILL x0065
(3046) 0072  0000000001110010 (  91)                 .FILL x0072
(3047) 0020  0000000000100000 (  91)                 .FILL x0020
(3048) 0061  0000000001100001 (  91)                 .FILL x0061
(3049) 0020  0000000000100000 (  91)                 .FILL x0020
(304A) 0064  0000000001100100 (  91)                 .FILL x0064
(304B) 0065  0000000001100101 (  91)                 .FILL x0065
(304C) 0063  0000000001100011 (  91)                 .FILL x0063
(304D) 0069  0000000001101001 (  91)                 .FILL x0069
(304E) 006D  0000000001101101 (  91)                 .FILL x006D
(304F) 0061  0000000001100001 (  91)                 .FILL x0061
(3050) 006C  0000000001101100 (  91)                 .FILL x006C
(3051) 0020  0000000000100000 (  91)                 .FILL x0020
(3052) 006E  0000000001101110 (  91)                 .FILL x006E
(3053) 0075  0000000001110101 (  91)                 .FILL x0075
(3054) 006D  0000000001101101 (  91)                 .FILL x006D
(3055) 0062  0000000001100010 (  91)                 .FILL x0062
(3056) 0065  0000000001100101 (  91)                 .FILL x0065
(3057) 0072  0000000001110010 (  91)                 .FILL x0072
(3058) 0020  0000000000100000 (  91)                 .FILL x0020
(3059) 006F  0000000001101111 (  91)                 .FILL x006F
(305A) 0072  0000000001110010 (  91)                 .FILL x0072
(305B) 0020  0000000000100000 (  91)                 .FILL x0020
(305C) 0058  0000000001011000 (  91)                 .FILL x0058
(305D) 0020  0000000000100000 (  91)                 .FILL x0020
(305E) 0074  0000000001110100 (  91)                 .FILL x0074
(305F) 006F  0000000001101111 (  91)                 .FILL x006F
(3060) 0020  0000000000100000 (  91)                 .FILL x0020
(3061) 0071  0000000001110001 (  91)                 .FILL x0071
(3062) 0075  0000000001110101 (  91)                 .FILL x0075
(3063) 0069  0000000001101001 (  91)                 .FILL x0069
(3064) 0074  0000000001110100 (  91)                 .FILL x0074
(3065) 003A  0000000000111010 (  91)                 .FILL x003A
(3066) 000A  0000000000001010 (  91)                 .FILL x000A
(3067) 0000  0000000000000000 (  91)                 .FILL x0000
(3068) 0044  0000000001000100 (  92) DAWG            .FILL x0044
(3069) 004F  0000000001001111 (  92)                 .FILL x004F
(306A) 0047  0000000001000111 (  92)                 .FILL x0047
(306B) 0047  0000000001000111 (  92)                 .FILL x0047
(306C) 0000  0000000000000000 (  92)                 .FILL x0000
