(0000) 3000  0011000000000000 (   1)                 .ORIG x3000
(3000) E04A  1110000001001010 (   3) again           LEA   R0 INPUT
(3001) F022  1111000000100010 (   4)                 TRAP  x22
(3002) 5020  0101000000100000 (   5)                 AND   R0 R0 #0
(3003) 54A0  0101010010100000 (   6)                 AND   R2 R2 #0
(3004) 5920  0101100100100000 (   7)                 AND   R4 R4 #0
(3005) F020  1111000000100000 (   9) GETNX           TRAP  x20
(3006) F021  1111000000100001 (  10)                 TRAP  x21
(3007) 5B60  0101101101100000 (  12)                 AND   R5 R5 #0
(3008) 5DA0  0101110110100000 (  13)                 AND   R6 R6 #0
(3009) 1DA3  0001110110100011 (  14)                 ADD   R6 R6 #3
(300A) 1A36  0001101000110110 (  16)                 ADD   R5 R0 #-10
(300B) 041A  0000010000011010 (  17)                 BRZ   NEWL
(300C) 1031  0001000000110001 (  19) GETNUM          ADD   R0 R0 #-15
(300D) 1DBF  0001110110111111 (  20)                 ADD   R6 R6 #-1
(300E) 03FD  0000001111111101 (  21)                 BRP   GETNUM
(300F) 1020  0001000000100000 (  22)                 ADD   R0 R0 #0
(3010) 0A02  0000101000000010 (  23)                 BRNP  CONT
(3011) 1921  0001100100100001 (  25)                 ADD   R4 R4 #1
(3012) 03F2  0000001111110010 (  26)                 BRP   GETNX
(3013) 103D  0001000000111101 (  28) CONT            ADD   R0 R0 #-3
(3014) 5260  0101001001100000 (  31)                 AND   R1 R1 #0
(3015) 1220  0001001000100000 (  32)                 ADD   R1 R0 #0
(3016) 5DA0  0101110110100000 (  33)                 AND   R6 R6 #0
(3017) 1DA4  0001110110100100 (  34)                 ADD   R6 R6 #4
(3018) 1276  0001001001110110 (  36) GETZ            ADD   R1 R1 #-10
(3019) 1DBF  0001110110111111 (  37)                 ADD   R6 R6 #-1
(301A) 03FD  0000001111111101 (  38)                 BRP   GETZ
(301B) 1260  0001001001100000 (  39)                 ADD   R1 R1 #0
(301C) 0429  0000010000101001 (  40)                 BRZ   EXIT
(301D) 56E0  0101011011100000 (  42)                 AND   R3 R3 #0
(301E) 16C2  0001011011000010 (  43)                 ADD   R3 R3 R2
(301F) 5DA0  0101110110100000 (  44)                 AND   R6 R6 #0
(3020) 1DA9  0001110110101001 (  45)                 ADD   R6 R6 #9
(3021) 1483  0001010010000011 (  47) GETFULL         ADD   R2 R2 R3
(3022) 1DBF  0001110110111111 (  48)                 ADD   R6 R6 #-1
(3023) 03FD  0000001111111101 (  49)                 BRP   GETFULL
(3024) 1480  0001010010000000 (  51)                 ADD   R2 R2 R0
(3025) 0FDF  0000111111011111 (  52)                 BRNZP GETNX
(3026) 5020  0101000000100000 (  55) NEWL            AND   R0 R0 #0
(3027) 10A0  0001000010100000 (  56)                 ADD   R0 R2 #0
(3028) 1920  0001100100100000 (  57)                 ADD   R4 R4 #0
(3029) 0402  0000010000000010 (  58)                 BRZ   CONT1
(302A) 94BF  1001010010111111 (  59)                 NOT   R2 R2
(302B) 14A1  0001010010100001 (  60)                 ADD   R2 R2 #1
(302C) 5B60  0101101101100000 (  63) CONT1           AND   R5 R5 #0
(302D) 1B6F  0001101101101111 (  64)                 ADD   R5 R5 #15
(302E) 5DA0  0101110110100000 (  65)                 AND   R6 R6 #0
(302F) 56E0  0101011011100000 (  67) Bloop           AND   R3 R3 #0
(3030) 16E1  0001011011100001 (  68)                 ADD   R3 R3 #1
(3031) 5920  0101100100100000 (  69)                 AND   R4 R4 #0
(3032) 1905  0001100100000101 (  70)                 ADD   R4 R4 R5
(3033) 16C3  0001011011000011 (  72) Inloop          ADD   R3 R3 R3
(3034) 193F  0001100100111111 (  73)                 ADD   R4 R4 #-1
(3035) 03FD  0000001111111101 (  74)                 BRP   Inloop
(3036) 1B60  0001101101100000 (  76)                 ADD   R5 R5 #0
(3037) 080A  0000100000001010 (  77)                 BRN   another
(3038) 5CC2  0101110011000010 (  79)                 AND   R6 R3 R2
(3039) 0403  0000010000000011 (  80)                 BRZ   ZERO
(303A) E00E  1110000000001110 (  82)                 LEA   R0 one
(303B) F022  1111000000100010 (  83)                 TRAP  x22
(303C) 0E02  0000111000000010 (  84)                 BRNZP count
(303D) E009  1110000000001001 (  86) ZERO            LEA   R0 zero
(303E) F022  1111000000100010 (  87)                 TRAP  x22
(303F) 1B7F  0001101101111111 (  89) count           ADD   R5 R5 #-1
(3040) 16C3  0001011011000011 (  90)                 ADD   R3 R3 R3
(3041) 0FED  0000111111101101 (  91)                 BRNZP Bloop
(3042) E02E  1110000000101110 (  93) another         LEA   R0 DAWG
(3043) F022  1111000000100010 (  94)                 TRAP  x22
(3044) 1FC7  0001111111000111 (  95)                 ADD   R7 R7 R7
(3045) 0FBA  0000111110111010 (  96)                 BRNZP again
(3046) F025  1111000000100101 (  99) EXIT            TRAP  x25
(3047) 0030  0000000000110000 ( 100) zero            .FILL x0030
(3048) 0000  0000000000000000 ( 100)                 .FILL x0000
(3049) 0031  0000000000110001 ( 101) one             .FILL x0031
(304A) 0000  0000000000000000 ( 101)                 .FILL x0000
(304B) 0045  0000000001000101 ( 102) INPUT           .FILL x0045
(304C) 006E  0000000001101110 ( 102)                 .FILL x006E
(304D) 0074  0000000001110100 ( 102)                 .FILL x0074
(304E) 0065  0000000001100101 ( 102)                 .FILL x0065
(304F) 0072  0000000001110010 ( 102)                 .FILL x0072
(3050) 0020  0000000000100000 ( 102)                 .FILL x0020
(3051) 0061  0000000001100001 ( 102)                 .FILL x0061
(3052) 0020  0000000000100000 ( 102)                 .FILL x0020
(3053) 0064  0000000001100100 ( 102)                 .FILL x0064
(3054) 0065  0000000001100101 ( 102)                 .FILL x0065
(3055) 0063  0000000001100011 ( 102)                 .FILL x0063
(3056) 0069  0000000001101001 ( 102)                 .FILL x0069
(3057) 006D  0000000001101101 ( 102)                 .FILL x006D
(3058) 0061  0000000001100001 ( 102)                 .FILL x0061
(3059) 006C  0000000001101100 ( 102)                 .FILL x006C
(305A) 0020  0000000000100000 ( 102)                 .FILL x0020
(305B) 006E  0000000001101110 ( 102)                 .FILL x006E
(305C) 0075  0000000001110101 ( 102)                 .FILL x0075
(305D) 006D  0000000001101101 ( 102)                 .FILL x006D
(305E) 0062  0000000001100010 ( 102)                 .FILL x0062
(305F) 0065  0000000001100101 ( 102)                 .FILL x0065
(3060) 0072  0000000001110010 ( 102)                 .FILL x0072
(3061) 0020  0000000000100000 ( 102)                 .FILL x0020
(3062) 006F  0000000001101111 ( 102)                 .FILL x006F
(3063) 0072  0000000001110010 ( 102)                 .FILL x0072
(3064) 0020  0000000000100000 ( 102)                 .FILL x0020
(3065) 0058  0000000001011000 ( 102)                 .FILL x0058
(3066) 0020  0000000000100000 ( 102)                 .FILL x0020
(3067) 0074  0000000001110100 ( 102)                 .FILL x0074
(3068) 006F  0000000001101111 ( 102)                 .FILL x006F
(3069) 0020  0000000000100000 ( 102)                 .FILL x0020
(306A) 0071  0000000001110001 ( 102)                 .FILL x0071
(306B) 0075  0000000001110101 ( 102)                 .FILL x0075
(306C) 0069  0000000001101001 ( 102)                 .FILL x0069
(306D) 0074  0000000001110100 ( 102)                 .FILL x0074
(306E) 003A  0000000000111010 ( 102)                 .FILL x003A
(306F) 000A  0000000000001010 ( 102)                 .FILL x000A
(3070) 0000  0000000000000000 ( 102)                 .FILL x0000
(3071) 000A  0000000000001010 ( 103) DAWG            .FILL x000A
(3072) 0000  0000000000000000 ( 103)                 .FILL x0000
